<?xml version="1.0" encoding="UTF-8"?>
<!-- Generated by org.testng.reporters.JUnitXMLReporter -->
<testsuite ignored="10" hostname="AFSWWI9CYZ2H4A" failures="0" tests="17" name="Default test" time="67.544" errors="0" timestamp="2023-01-31T13:30:30 CST">
  <testcase classname="com.developerscorner.client.uiTests.HomePageTest" name="shoulGetHomePage" time="0.148"/>
  <testcase classname="com.developerscorner.client.uiTests.HomePageTest" name="shouldDisplayFieldIsRequiredIfUsernameNotFilled" time="0.56"/>
  <testcase classname="com.developerscorner.client.uiTests.HomePageTest" name="shouldCreateQuestion" time="1.133"/>
  <testcase classname="com.developerscorner.client.uiTests.QuestionsPageTest" name="shouldCreateQuestion" time="1.081"/>
  <testcase classname="com.developerscorner.client.uiTests.QuestionsPageTest" name="shouldDeleteAQuestion" time="5.492"/>
  <testcase classname="com.developerscorner.client.uiTests.QuestionsPageTest" name="shouldDisplayFieldRequiredIfOneOfTheFieldsIsBlank" time="0.594"/>
  <testcase classname="com.developerscorner.client.uiTests.QuestionsPageTest" name="shouldEditAQuestion" time="0.652"/>
  <testcase classname="com.developerscorner.client.uiTests.QuestionsPageTest" name="shouldGetQuestionsPage" time="0.193"/>
  <testcase classname="com.developerscorner.client.uiTests.LoginPageTest" name="shouldDisplayFieldRequiredIfEmailNotFilled" time="0.177"/>
  <testcase classname="com.developerscorner.client.uiTests.LoginPageTest" name="shouldGetLoginPage" time="0.074"/>
  <testcase classname="com.developerscorner.client.uiTests.LoginPageTest" name="shouldLogInAUser" time="0.769"/>
  <testcase classname="com.developerscorner.client.uiTests.ProfilePageTest" name="shouldCheckCurrentUserExists" time="0.083"/>
  <testcase classname="com.developerscorner.client.uiTests.ProfilePageTest" name="shouldDisplayFieldRequiredIfOnceOfTheFieldsIsBlank" time="45.288"/>
  <testcase classname="com.developerscorner.client.uiTests.ProfilePageTest" name="shouldEditProfile" time="0.987"/>
  <testcase classname="com.developerscorner.client.uiTests.ProfilePageTest" name="shouldGetProfilePage" time="0.144"/>
  <testcase classname="com.developerscorner.client.uiTests.RegisterPageTest" name="shouldDisplayFieldIsRequiredIfOneOfTheFieldIsBlank" time="0.665"/>
  <testcase classname="com.developerscorner.client.uiTests.RegisterPageTest" name="shouldRegisterAUser" time="0.541"/>
  <testcase classname="com.developerscorner.client.configuration.SeleniumConfig" name="@BeforeSuite beforeSuite" time="0.0">
    <ignored/>
  </testcase> <!-- @BeforeSuite beforeSuite -->
  <testcase classname="com.developerscorner.client.configuration.SeleniumConfig" name="@BeforeSuite beforeSuite" time="0.0">
    <ignored/>
  </testcase> <!-- @BeforeSuite beforeSuite -->
  <testcase classname="com.developerscorner.client.configuration.SeleniumConfig" name="@BeforeSuite beforeSuite" time="0.0">
    <ignored/>
  </testcase> <!-- @BeforeSuite beforeSuite -->
  <testcase classname="com.developerscorner.client.configuration.SeleniumConfig" name="@AfterSuite afterSuite" time="0.0">
    <ignored/>
  </testcase> <!-- @AfterSuite afterSuite -->
  <testcase classname="com.developerscorner.client.configuration.SeleniumConfig" name="@BeforeSuite beforeSuite" time="0.0">
    <ignored/>
  </testcase> <!-- @BeforeSuite beforeSuite -->
  <testcase classname="com.developerscorner.client.configuration.SeleniumConfig" name="@AfterSuite afterSuite" time="0.0">
    <ignored/>
  </testcase> <!-- @AfterSuite afterSuite -->
  <testcase classname="com.developerscorner.client.configuration.SeleniumConfig" name="@AfterSuite afterSuite" time="0.0">
    <ignored/>
  </testcase> <!-- @AfterSuite afterSuite -->
  <testcase classname="com.developerscorner.client.configuration.SeleniumConfig" name="@AfterSuite afterSuite" time="0.0">
    <ignored/>
  </testcase> <!-- @AfterSuite afterSuite -->
  <testcase classname="com.developerscorner.client.configuration.SeleniumConfig" name="@BeforeSuite beforeSuite" time="0.0">
    <ignored/>
  </testcase> <!-- @BeforeSuite beforeSuite -->
  <testcase classname="com.developerscorner.client.configuration.SeleniumConfig" name="@AfterSuite afterSuite" time="0.0">
    <ignored/>
  </testcase> <!-- @AfterSuite afterSuite -->
</testsuite> <!-- Default test -->
